<?xml version="1.0" encoding="UTF-8"?>
<testsuite xmlns:xsi="http://www.w3.org/2001/XMLSchema-instance" xsi:noNamespaceSchemaLocation="https://maven.apache.org/surefire/maven-surefire-plugin/xsd/surefire-test-report.xsd" name="com.gp_scheduling.GpSchedulingApplicationTests" time="0.141" tests="1" errors="1" skipped="0" failures="0">
  <properties>
    <property name="java.specification.version" value="17"/>
    <property name="sun.jnu.encoding" value="UTF-8"/>
    <property name="java.class.path" value="/home/aryaman/uniwork/glowing-computing-machine/target/test-classes:/home/aryaman/uniwork/glowing-computing-machine/target/classes:/home/aryaman/.m2/repository/org/springframework/boot/spring-boot-starter-thymeleaf/2.6.8/spring-boot-starter-thymeleaf-2.6.8.jar:/home/aryaman/.m2/repository/org/springframework/boot/spring-boot-starter/2.6.8/spring-boot-starter-2.6.8.jar:/home/aryaman/.m2/repository/org/springframework/boot/spring-boot-starter-logging/2.6.8/spring-boot-starter-logging-2.6.8.jar:/home/aryaman/.m2/repository/ch/qos/logback/logback-classic/1.2.11/logback-classic-1.2.11.jar:/home/aryaman/.m2/repository/ch/qos/logback/logback-core/1.2.11/logback-core-1.2.11.jar:/home/aryaman/.m2/repository/org/apache/logging/log4j/log4j-to-slf4j/2.17.2/log4j-to-slf4j-2.17.2.jar:/home/aryaman/.m2/repository/org/apache/logging/log4j/log4j-api/2.17.2/log4j-api-2.17.2.jar:/home/aryaman/.m2/repository/org/slf4j/jul-to-slf4j/1.7.36/jul-to-slf4j-1.7.36.jar:/home/aryaman/.m2/repository/jakarta/annotation/jakarta.annotation-api/1.3.5/jakarta.annotation-api-1.3.5.jar:/home/aryaman/.m2/repository/org/yaml/snakeyaml/1.29/snakeyaml-1.29.jar:/home/aryaman/.m2/repository/org/thymeleaf/thymeleaf-spring5/3.0.15.RELEASE/thymeleaf-spring5-3.0.15.RELEASE.jar:/home/aryaman/.m2/repository/org/thymeleaf/thymeleaf/3.0.15.RELEASE/thymeleaf-3.0.15.RELEASE.jar:/home/aryaman/.m2/repository/org/attoparser/attoparser/2.0.5.RELEASE/attoparser-2.0.5.RELEASE.jar:/home/aryaman/.m2/repository/org/unbescape/unbescape/1.1.6.RELEASE/unbescape-1.1.6.RELEASE.jar:/home/aryaman/.m2/repository/org/slf4j/slf4j-api/1.7.36/slf4j-api-1.7.36.jar:/home/aryaman/.m2/repository/org/thymeleaf/extras/thymeleaf-extras-java8time/3.0.4.RELEASE/thymeleaf-extras-java8time-3.0.4.RELEASE.jar:/home/aryaman/.m2/repository/org/springframework/boot/spring-boot-starter-data-jpa/2.6.8/spring-boot-starter-data-jpa-2.6.8.jar:/home/aryaman/.m2/repository/org/springframework/boot/spring-boot-starter-aop/2.6.8/spring-boot-starter-aop-2.6.8.jar:/home/aryaman/.m2/repository/org/springframework/spring-aop/5.3.20/spring-aop-5.3.20.jar:/home/aryaman/.m2/repository/org/aspectj/aspectjweaver/1.9.7/aspectjweaver-1.9.7.jar:/home/aryaman/.m2/repository/org/springframework/boot/spring-boot-starter-jdbc/2.6.8/spring-boot-starter-jdbc-2.6.8.jar:/home/aryaman/.m2/repository/com/zaxxer/HikariCP/4.0.3/HikariCP-4.0.3.jar:/home/aryaman/.m2/repository/org/springframework/spring-jdbc/5.3.20/spring-jdbc-5.3.20.jar:/home/aryaman/.m2/repository/jakarta/transaction/jakarta.transaction-api/1.3.3/jakarta.transaction-api-1.3.3.jar:/home/aryaman/.m2/repository/jakarta/persistence/jakarta.persistence-api/2.2.3/jakarta.persistence-api-2.2.3.jar:/home/aryaman/.m2/repository/org/hibernate/hibernate-core/5.6.9.Final/hibernate-core-5.6.9.Final.jar:/home/aryaman/.m2/repository/org/jboss/logging/jboss-logging/3.4.3.Final/jboss-logging-3.4.3.Final.jar:/home/aryaman/.m2/repository/net/bytebuddy/byte-buddy/1.11.22/byte-buddy-1.11.22.jar:/home/aryaman/.m2/repository/antlr/antlr/2.7.7/antlr-2.7.7.jar:/home/aryaman/.m2/repository/org/jboss/jandex/2.4.2.Final/jandex-2.4.2.Final.jar:/home/aryaman/.m2/repository/com/fasterxml/classmate/1.5.1/classmate-1.5.1.jar:/home/aryaman/.m2/repository/org/hibernate/common/hibernate-commons-annotations/5.1.2.Final/hibernate-commons-annotations-5.1.2.Final.jar:/home/aryaman/.m2/repository/org/glassfish/jaxb/jaxb-runtime/2.3.6/jaxb-runtime-2.3.6.jar:/home/aryaman/.m2/repository/org/glassfish/jaxb/txw2/2.3.6/txw2-2.3.6.jar:/home/aryaman/.m2/repository/com/sun/istack/istack-commons-runtime/3.0.12/istack-commons-runtime-3.0.12.jar:/home/aryaman/.m2/repository/com/sun/activation/jakarta.activation/1.2.2/jakarta.activation-1.2.2.jar:/home/aryaman/.m2/repository/org/springframework/data/spring-data-jpa/2.6.4/spring-data-jpa-2.6.4.jar:/home/aryaman/.m2/repository/org/springframework/data/spring-data-commons/2.6.4/spring-data-commons-2.6.4.jar:/home/aryaman/.m2/repository/org/springframework/spring-orm/5.3.20/spring-orm-5.3.20.jar:/home/aryaman/.m2/repository/org/springframework/spring-context/5.3.20/spring-context-5.3.20.jar:/home/aryaman/.m2/repository/org/springframework/spring-expression/5.3.20/spring-expression-5.3.20.jar:/home/aryaman/.m2/repository/org/springframework/spring-tx/5.3.20/spring-tx-5.3.20.jar:/home/aryaman/.m2/repository/org/springframework/spring-beans/5.3.20/spring-beans-5.3.20.jar:/home/aryaman/.m2/repository/org/springframework/spring-aspects/5.3.20/spring-aspects-5.3.20.jar:/home/aryaman/.m2/repository/org/springframework/boot/spring-boot-starter-data-rest/2.6.8/spring-boot-starter-data-rest-2.6.8.jar:/home/aryaman/.m2/repository/org/springframework/boot/spring-boot-starter-web/2.6.8/spring-boot-starter-web-2.6.8.jar:/home/aryaman/.m2/repository/org/springframework/boot/spring-boot-starter-json/2.6.8/spring-boot-starter-json-2.6.8.jar:/home/aryaman/.m2/repository/com/fasterxml/jackson/datatype/jackson-datatype-jdk8/2.13.3/jackson-datatype-jdk8-2.13.3.jar:/home/aryaman/.m2/repository/com/fasterxml/jackson/datatype/jackson-datatype-jsr310/2.13.3/jackson-datatype-jsr310-2.13.3.jar:/home/aryaman/.m2/repository/com/fasterxml/jackson/module/jackson-module-parameter-names/2.13.3/jackson-module-parameter-names-2.13.3.jar:/home/aryaman/.m2/repository/org/springframework/boot/spring-boot-starter-tomcat/2.6.8/spring-boot-starter-tomcat-2.6.8.jar:/home/aryaman/.m2/repository/org/apache/tomcat/embed/tomcat-embed-core/9.0.63/tomcat-embed-core-9.0.63.jar:/home/aryaman/.m2/repository/org/apache/tomcat/embed/tomcat-embed-el/9.0.63/tomcat-embed-el-9.0.63.jar:/home/aryaman/.m2/repository/org/apache/tomcat/embed/tomcat-embed-websocket/9.0.63/tomcat-embed-websocket-9.0.63.jar:/home/aryaman/.m2/repository/org/springframework/spring-web/5.3.20/spring-web-5.3.20.jar:/home/aryaman/.m2/repository/org/springframework/spring-webmvc/5.3.20/spring-webmvc-5.3.20.jar:/home/aryaman/.m2/repository/org/springframework/data/spring-data-rest-webmvc/3.6.4/spring-data-rest-webmvc-3.6.4.jar:/home/aryaman/.m2/repository/org/springframework/data/spring-data-rest-core/3.6.4/spring-data-rest-core-3.6.4.jar:/home/aryaman/.m2/repository/org/springframework/hateoas/spring-hateoas/1.4.3/spring-hateoas-1.4.3.jar:/home/aryaman/.m2/repository/org/springframework/plugin/spring-plugin-core/2.0.0.RELEASE/spring-plugin-core-2.0.0.RELEASE.jar:/home/aryaman/.m2/repository/org/atteo/evo-inflector/1.3/evo-inflector-1.3.jar:/home/aryaman/.m2/repository/com/fasterxml/jackson/core/jackson-databind/2.13.3/jackson-databind-2.13.3.jar:/home/aryaman/.m2/repository/com/fasterxml/jackson/core/jackson-core/2.13.3/jackson-core-2.13.3.jar:/home/aryaman/.m2/repository/com/fasterxml/jackson/core/jackson-annotations/2.13.3/jackson-annotations-2.13.3.jar:/home/aryaman/.m2/repository/org/springframework/boot/spring-boot-devtools/2.6.8/spring-boot-devtools-2.6.8.jar:/home/aryaman/.m2/repository/org/springframework/boot/spring-boot/2.6.8/spring-boot-2.6.8.jar:/home/aryaman/.m2/repository/org/springframework/boot/spring-boot-autoconfigure/2.6.8/spring-boot-autoconfigure-2.6.8.jar:/home/aryaman/.m2/repository/com/h2database/h2/1.4.200/h2-1.4.200.jar:/home/aryaman/.m2/repository/org/springframework/boot/spring-boot-starter-test/2.6.8/spring-boot-starter-test-2.6.8.jar:/home/aryaman/.m2/repository/org/springframework/boot/spring-boot-test/2.6.8/spring-boot-test-2.6.8.jar:/home/aryaman/.m2/repository/org/springframework/boot/spring-boot-test-autoconfigure/2.6.8/spring-boot-test-autoconfigure-2.6.8.jar:/home/aryaman/.m2/repository/com/jayway/jsonpath/json-path/2.6.0/json-path-2.6.0.jar:/home/aryaman/.m2/repository/net/minidev/json-smart/2.4.8/json-smart-2.4.8.jar:/home/aryaman/.m2/repository/net/minidev/accessors-smart/2.4.8/accessors-smart-2.4.8.jar:/home/aryaman/.m2/repository/org/ow2/asm/asm/9.1/asm-9.1.jar:/home/aryaman/.m2/repository/jakarta/xml/bind/jakarta.xml.bind-api/2.3.3/jakarta.xml.bind-api-2.3.3.jar:/home/aryaman/.m2/repository/jakarta/activation/jakarta.activation-api/1.2.2/jakarta.activation-api-1.2.2.jar:/home/aryaman/.m2/repository/org/assertj/assertj-core/3.21.0/assertj-core-3.21.0.jar:/home/aryaman/.m2/repository/org/hamcrest/hamcrest/2.2/hamcrest-2.2.jar:/home/aryaman/.m2/repository/org/junit/jupiter/junit-jupiter/5.8.2/junit-jupiter-5.8.2.jar:/home/aryaman/.m2/repository/org/junit/jupiter/junit-jupiter-api/5.8.2/junit-jupiter-api-5.8.2.jar:/home/aryaman/.m2/repository/org/opentest4j/opentest4j/1.2.0/opentest4j-1.2.0.jar:/home/aryaman/.m2/repository/org/junit/platform/junit-platform-commons/1.8.2/junit-platform-commons-1.8.2.jar:/home/aryaman/.m2/repository/org/apiguardian/apiguardian-api/1.1.2/apiguardian-api-1.1.2.jar:/home/aryaman/.m2/repository/org/junit/jupiter/junit-jupiter-params/5.8.2/junit-jupiter-params-5.8.2.jar:/home/aryaman/.m2/repository/org/junit/jupiter/junit-jupiter-engine/5.8.2/junit-jupiter-engine-5.8.2.jar:/home/aryaman/.m2/repository/org/junit/platform/junit-platform-engine/1.8.2/junit-platform-engine-1.8.2.jar:/home/aryaman/.m2/repository/org/mockito/mockito-core/4.0.0/mockito-core-4.0.0.jar:/home/aryaman/.m2/repository/net/bytebuddy/byte-buddy-agent/1.11.22/byte-buddy-agent-1.11.22.jar:/home/aryaman/.m2/repository/org/objenesis/objenesis/3.2/objenesis-3.2.jar:/home/aryaman/.m2/repository/org/mockito/mockito-junit-jupiter/4.0.0/mockito-junit-jupiter-4.0.0.jar:/home/aryaman/.m2/repository/org/skyscreamer/jsonassert/1.5.0/jsonassert-1.5.0.jar:/home/aryaman/.m2/repository/com/vaadin/external/google/android-json/0.0.20131108.vaadin1/android-json-0.0.20131108.vaadin1.jar:/home/aryaman/.m2/repository/org/springframework/spring-core/5.3.20/spring-core-5.3.20.jar:/home/aryaman/.m2/repository/org/springframework/spring-jcl/5.3.20/spring-jcl-5.3.20.jar:/home/aryaman/.m2/repository/org/springframework/spring-test/5.3.20/spring-test-5.3.20.jar:/home/aryaman/.m2/repository/org/xmlunit/xmlunit-core/2.8.4/xmlunit-core-2.8.4.jar:/home/aryaman/.m2/repository/org/mongodb/mongo-java-driver/2.12.3/mongo-java-driver-2.12.3.jar:"/>
    <property name="java.vm.vendor" value="Private Build"/>
    <property name="sun.arch.data.model" value="64"/>
    <property name="java.vendor.url" value="Unknown"/>
    <property name="os.name" value="Linux"/>
    <property name="java.vm.specification.version" value="17"/>
    <property name="sun.java.launcher" value="SUN_STANDARD"/>
    <property name="sun.boot.library.path" value="/usr/lib/jvm/java-17-openjdk-amd64/lib"/>
    <property name="sun.java.command" value="/home/aryaman/uniwork/glowing-computing-machine/target/surefire/surefirebooter16271349996401612787.jar /home/aryaman/uniwork/glowing-computing-machine/target/surefire 2022-06-14T02-06-09_690-jvmRun1 surefire10850861531254230577tmp surefire_014659167555968271427tmp"/>
    <property name="jdk.debug" value="release"/>
    <property name="surefire.test.class.path" value="/home/aryaman/uniwork/glowing-computing-machine/target/test-classes:/home/aryaman/uniwork/glowing-computing-machine/target/classes:/home/aryaman/.m2/repository/org/springframework/boot/spring-boot-starter-thymeleaf/2.6.8/spring-boot-starter-thymeleaf-2.6.8.jar:/home/aryaman/.m2/repository/org/springframework/boot/spring-boot-starter/2.6.8/spring-boot-starter-2.6.8.jar:/home/aryaman/.m2/repository/org/springframework/boot/spring-boot-starter-logging/2.6.8/spring-boot-starter-logging-2.6.8.jar:/home/aryaman/.m2/repository/ch/qos/logback/logback-classic/1.2.11/logback-classic-1.2.11.jar:/home/aryaman/.m2/repository/ch/qos/logback/logback-core/1.2.11/logback-core-1.2.11.jar:/home/aryaman/.m2/repository/org/apache/logging/log4j/log4j-to-slf4j/2.17.2/log4j-to-slf4j-2.17.2.jar:/home/aryaman/.m2/repository/org/apache/logging/log4j/log4j-api/2.17.2/log4j-api-2.17.2.jar:/home/aryaman/.m2/repository/org/slf4j/jul-to-slf4j/1.7.36/jul-to-slf4j-1.7.36.jar:/home/aryaman/.m2/repository/jakarta/annotation/jakarta.annotation-api/1.3.5/jakarta.annotation-api-1.3.5.jar:/home/aryaman/.m2/repository/org/yaml/snakeyaml/1.29/snakeyaml-1.29.jar:/home/aryaman/.m2/repository/org/thymeleaf/thymeleaf-spring5/3.0.15.RELEASE/thymeleaf-spring5-3.0.15.RELEASE.jar:/home/aryaman/.m2/repository/org/thymeleaf/thymeleaf/3.0.15.RELEASE/thymeleaf-3.0.15.RELEASE.jar:/home/aryaman/.m2/repository/org/attoparser/attoparser/2.0.5.RELEASE/attoparser-2.0.5.RELEASE.jar:/home/aryaman/.m2/repository/org/unbescape/unbescape/1.1.6.RELEASE/unbescape-1.1.6.RELEASE.jar:/home/aryaman/.m2/repository/org/slf4j/slf4j-api/1.7.36/slf4j-api-1.7.36.jar:/home/aryaman/.m2/repository/org/thymeleaf/extras/thymeleaf-extras-java8time/3.0.4.RELEASE/thymeleaf-extras-java8time-3.0.4.RELEASE.jar:/home/aryaman/.m2/repository/org/springframework/boot/spring-boot-starter-data-jpa/2.6.8/spring-boot-starter-data-jpa-2.6.8.jar:/home/aryaman/.m2/repository/org/springframework/boot/spring-boot-starter-aop/2.6.8/spring-boot-starter-aop-2.6.8.jar:/home/aryaman/.m2/repository/org/springframework/spring-aop/5.3.20/spring-aop-5.3.20.jar:/home/aryaman/.m2/repository/org/aspectj/aspectjweaver/1.9.7/aspectjweaver-1.9.7.jar:/home/aryaman/.m2/repository/org/springframework/boot/spring-boot-starter-jdbc/2.6.8/spring-boot-starter-jdbc-2.6.8.jar:/home/aryaman/.m2/repository/com/zaxxer/HikariCP/4.0.3/HikariCP-4.0.3.jar:/home/aryaman/.m2/repository/org/springframework/spring-jdbc/5.3.20/spring-jdbc-5.3.20.jar:/home/aryaman/.m2/repository/jakarta/transaction/jakarta.transaction-api/1.3.3/jakarta.transaction-api-1.3.3.jar:/home/aryaman/.m2/repository/jakarta/persistence/jakarta.persistence-api/2.2.3/jakarta.persistence-api-2.2.3.jar:/home/aryaman/.m2/repository/org/hibernate/hibernate-core/5.6.9.Final/hibernate-core-5.6.9.Final.jar:/home/aryaman/.m2/repository/org/jboss/logging/jboss-logging/3.4.3.Final/jboss-logging-3.4.3.Final.jar:/home/aryaman/.m2/repository/net/bytebuddy/byte-buddy/1.11.22/byte-buddy-1.11.22.jar:/home/aryaman/.m2/repository/antlr/antlr/2.7.7/antlr-2.7.7.jar:/home/aryaman/.m2/repository/org/jboss/jandex/2.4.2.Final/jandex-2.4.2.Final.jar:/home/aryaman/.m2/repository/com/fasterxml/classmate/1.5.1/classmate-1.5.1.jar:/home/aryaman/.m2/repository/org/hibernate/common/hibernate-commons-annotations/5.1.2.Final/hibernate-commons-annotations-5.1.2.Final.jar:/home/aryaman/.m2/repository/org/glassfish/jaxb/jaxb-runtime/2.3.6/jaxb-runtime-2.3.6.jar:/home/aryaman/.m2/repository/org/glassfish/jaxb/txw2/2.3.6/txw2-2.3.6.jar:/home/aryaman/.m2/repository/com/sun/istack/istack-commons-runtime/3.0.12/istack-commons-runtime-3.0.12.jar:/home/aryaman/.m2/repository/com/sun/activation/jakarta.activation/1.2.2/jakarta.activation-1.2.2.jar:/home/aryaman/.m2/repository/org/springframework/data/spring-data-jpa/2.6.4/spring-data-jpa-2.6.4.jar:/home/aryaman/.m2/repository/org/springframework/data/spring-data-commons/2.6.4/spring-data-commons-2.6.4.jar:/home/aryaman/.m2/repository/org/springframework/spring-orm/5.3.20/spring-orm-5.3.20.jar:/home/aryaman/.m2/repository/org/springframework/spring-context/5.3.20/spring-context-5.3.20.jar:/home/aryaman/.m2/repository/org/springframework/spring-expression/5.3.20/spring-expression-5.3.20.jar:/home/aryaman/.m2/repository/org/springframework/spring-tx/5.3.20/spring-tx-5.3.20.jar:/home/aryaman/.m2/repository/org/springframework/spring-beans/5.3.20/spring-beans-5.3.20.jar:/home/aryaman/.m2/repository/org/springframework/spring-aspects/5.3.20/spring-aspects-5.3.20.jar:/home/aryaman/.m2/repository/org/springframework/boot/spring-boot-starter-data-rest/2.6.8/spring-boot-starter-data-rest-2.6.8.jar:/home/aryaman/.m2/repository/org/springframework/boot/spring-boot-starter-web/2.6.8/spring-boot-starter-web-2.6.8.jar:/home/aryaman/.m2/repository/org/springframework/boot/spring-boot-starter-json/2.6.8/spring-boot-starter-json-2.6.8.jar:/home/aryaman/.m2/repository/com/fasterxml/jackson/datatype/jackson-datatype-jdk8/2.13.3/jackson-datatype-jdk8-2.13.3.jar:/home/aryaman/.m2/repository/com/fasterxml/jackson/datatype/jackson-datatype-jsr310/2.13.3/jackson-datatype-jsr310-2.13.3.jar:/home/aryaman/.m2/repository/com/fasterxml/jackson/module/jackson-module-parameter-names/2.13.3/jackson-module-parameter-names-2.13.3.jar:/home/aryaman/.m2/repository/org/springframework/boot/spring-boot-starter-tomcat/2.6.8/spring-boot-starter-tomcat-2.6.8.jar:/home/aryaman/.m2/repository/org/apache/tomcat/embed/tomcat-embed-core/9.0.63/tomcat-embed-core-9.0.63.jar:/home/aryaman/.m2/repository/org/apache/tomcat/embed/tomcat-embed-el/9.0.63/tomcat-embed-el-9.0.63.jar:/home/aryaman/.m2/repository/org/apache/tomcat/embed/tomcat-embed-websocket/9.0.63/tomcat-embed-websocket-9.0.63.jar:/home/aryaman/.m2/repository/org/springframework/spring-web/5.3.20/spring-web-5.3.20.jar:/home/aryaman/.m2/repository/org/springframework/spring-webmvc/5.3.20/spring-webmvc-5.3.20.jar:/home/aryaman/.m2/repository/org/springframework/data/spring-data-rest-webmvc/3.6.4/spring-data-rest-webmvc-3.6.4.jar:/home/aryaman/.m2/repository/org/springframework/data/spring-data-rest-core/3.6.4/spring-data-rest-core-3.6.4.jar:/home/aryaman/.m2/repository/org/springframework/hateoas/spring-hateoas/1.4.3/spring-hateoas-1.4.3.jar:/home/aryaman/.m2/repository/org/springframework/plugin/spring-plugin-core/2.0.0.RELEASE/spring-plugin-core-2.0.0.RELEASE.jar:/home/aryaman/.m2/repository/org/atteo/evo-inflector/1.3/evo-inflector-1.3.jar:/home/aryaman/.m2/repository/com/fasterxml/jackson/core/jackson-databind/2.13.3/jackson-databind-2.13.3.jar:/home/aryaman/.m2/repository/com/fasterxml/jackson/core/jackson-core/2.13.3/jackson-core-2.13.3.jar:/home/aryaman/.m2/repository/com/fasterxml/jackson/core/jackson-annotations/2.13.3/jackson-annotations-2.13.3.jar:/home/aryaman/.m2/repository/org/springframework/boot/spring-boot-devtools/2.6.8/spring-boot-devtools-2.6.8.jar:/home/aryaman/.m2/repository/org/springframework/boot/spring-boot/2.6.8/spring-boot-2.6.8.jar:/home/aryaman/.m2/repository/org/springframework/boot/spring-boot-autoconfigure/2.6.8/spring-boot-autoconfigure-2.6.8.jar:/home/aryaman/.m2/repository/com/h2database/h2/1.4.200/h2-1.4.200.jar:/home/aryaman/.m2/repository/org/springframework/boot/spring-boot-starter-test/2.6.8/spring-boot-starter-test-2.6.8.jar:/home/aryaman/.m2/repository/org/springframework/boot/spring-boot-test/2.6.8/spring-boot-test-2.6.8.jar:/home/aryaman/.m2/repository/org/springframework/boot/spring-boot-test-autoconfigure/2.6.8/spring-boot-test-autoconfigure-2.6.8.jar:/home/aryaman/.m2/repository/com/jayway/jsonpath/json-path/2.6.0/json-path-2.6.0.jar:/home/aryaman/.m2/repository/net/minidev/json-smart/2.4.8/json-smart-2.4.8.jar:/home/aryaman/.m2/repository/net/minidev/accessors-smart/2.4.8/accessors-smart-2.4.8.jar:/home/aryaman/.m2/repository/org/ow2/asm/asm/9.1/asm-9.1.jar:/home/aryaman/.m2/repository/jakarta/xml/bind/jakarta.xml.bind-api/2.3.3/jakarta.xml.bind-api-2.3.3.jar:/home/aryaman/.m2/repository/jakarta/activation/jakarta.activation-api/1.2.2/jakarta.activation-api-1.2.2.jar:/home/aryaman/.m2/repository/org/assertj/assertj-core/3.21.0/assertj-core-3.21.0.jar:/home/aryaman/.m2/repository/org/hamcrest/hamcrest/2.2/hamcrest-2.2.jar:/home/aryaman/.m2/repository/org/junit/jupiter/junit-jupiter/5.8.2/junit-jupiter-5.8.2.jar:/home/aryaman/.m2/repository/org/junit/jupiter/junit-jupiter-api/5.8.2/junit-jupiter-api-5.8.2.jar:/home/aryaman/.m2/repository/org/opentest4j/opentest4j/1.2.0/opentest4j-1.2.0.jar:/home/aryaman/.m2/repository/org/junit/platform/junit-platform-commons/1.8.2/junit-platform-commons-1.8.2.jar:/home/aryaman/.m2/repository/org/apiguardian/apiguardian-api/1.1.2/apiguardian-api-1.1.2.jar:/home/aryaman/.m2/repository/org/junit/jupiter/junit-jupiter-params/5.8.2/junit-jupiter-params-5.8.2.jar:/home/aryaman/.m2/repository/org/junit/jupiter/junit-jupiter-engine/5.8.2/junit-jupiter-engine-5.8.2.jar:/home/aryaman/.m2/repository/org/junit/platform/junit-platform-engine/1.8.2/junit-platform-engine-1.8.2.jar:/home/aryaman/.m2/repository/org/mockito/mockito-core/4.0.0/mockito-core-4.0.0.jar:/home/aryaman/.m2/repository/net/bytebuddy/byte-buddy-agent/1.11.22/byte-buddy-agent-1.11.22.jar:/home/aryaman/.m2/repository/org/objenesis/objenesis/3.2/objenesis-3.2.jar:/home/aryaman/.m2/repository/org/mockito/mockito-junit-jupiter/4.0.0/mockito-junit-jupiter-4.0.0.jar:/home/aryaman/.m2/repository/org/skyscreamer/jsonassert/1.5.0/jsonassert-1.5.0.jar:/home/aryaman/.m2/repository/com/vaadin/external/google/android-json/0.0.20131108.vaadin1/android-json-0.0.20131108.vaadin1.jar:/home/aryaman/.m2/repository/org/springframework/spring-core/5.3.20/spring-core-5.3.20.jar:/home/aryaman/.m2/repository/org/springframework/spring-jcl/5.3.20/spring-jcl-5.3.20.jar:/home/aryaman/.m2/repository/org/springframework/spring-test/5.3.20/spring-test-5.3.20.jar:/home/aryaman/.m2/repository/org/xmlunit/xmlunit-core/2.8.4/xmlunit-core-2.8.4.jar:/home/aryaman/.m2/repository/org/mongodb/mongo-java-driver/2.12.3/mongo-java-driver-2.12.3.jar:"/>
    <property name="sun.cpu.endian" value="little"/>
    <property name="user.home" value="/home/aryaman"/>
    <property name="user.language" value="en"/>
    <property name="java.specification.vendor" value="Oracle Corporation"/>
    <property name="java.version.date" value="2022-04-19"/>
    <property name="java.home" value="/usr/lib/jvm/java-17-openjdk-amd64"/>
    <property name="file.separator" value="/"/>
    <property name="basedir" value="/home/aryaman/uniwork/glowing-computing-machine"/>
    <property name="java.vm.compressedOopsMode" value="32-bit"/>
    <property name="line.separator" value="&#10;"/>
    <property name="java.vm.specification.vendor" value="Oracle Corporation"/>
    <property name="java.specification.name" value="Java Platform API Specification"/>
    <property name="surefire.real.class.path" value="/home/aryaman/uniwork/glowing-computing-machine/target/surefire/surefirebooter16271349996401612787.jar"/>
    <property name="sun.management.compiler" value="HotSpot 64-Bit Tiered Compilers"/>
    <property name="java.runtime.version" value="17.0.3+7-Ubuntu-0ubuntu0.20.04.1"/>
    <property name="user.name" value="aryaman"/>
    <property name="path.separator" value=":"/>
    <property name="os.version" value="5.10.102.1-microsoft-standard-WSL2"/>
    <property name="java.runtime.name" value="OpenJDK Runtime Environment"/>
    <property name="file.encoding" value="UTF-8"/>
    <property name="java.vm.name" value="OpenJDK 64-Bit Server VM"/>
    <property name="localRepository" value="/home/aryaman/.m2/repository"/>
    <property name="java.vendor.url.bug" value="Unknown"/>
    <property name="java.io.tmpdir" value="/tmp"/>
    <property name="java.version" value="17.0.3"/>
    <property name="user.dir" value="/home/aryaman/uniwork/glowing-computing-machine"/>
    <property name="os.arch" value="amd64"/>
    <property name="java.vm.specification.name" value="Java Virtual Machine Specification"/>
    <property name="native.encoding" value="UTF-8"/>
    <property name="java.library.path" value="/usr/java/packages/lib:/usr/lib/x86_64-linux-gnu/jni:/lib/x86_64-linux-gnu:/usr/lib/x86_64-linux-gnu:/usr/lib/jni:/lib:/usr/lib"/>
    <property name="java.vm.info" value="mixed mode, sharing"/>
    <property name="java.vendor" value="Private Build"/>
    <property name="java.vm.version" value="17.0.3+7-Ubuntu-0ubuntu0.20.04.1"/>
    <property name="sun.io.unicode.encoding" value="UnicodeLittle"/>
    <property name="java.class.version" value="61.0"/>
  </properties>
  <testcase name="contextLoads" classname="com.gp_scheduling.GpSchedulingApplicationTests" time="0.002">
    <error message="Unresolved compilation problem: &#10;	The declared package &quot;com.example.gp_scheduling&quot; does not match the expected package &quot;com.gp_scheduling&quot;&#10;" type="java.lang.Error"><![CDATA[java.lang.Error: 
Unresolved compilation problem: 
	The declared package "com.example.gp_scheduling" does not match the expected package "com.gp_scheduling"

	at com.gp_scheduling.GpSchedulingApplicationTests.<init>(web_server.java:1)
]]></error>
    <system-out><![CDATA[02:06:10.436 [main] DEBUG org.springframework.test.context.BootstrapUtils - Instantiating CacheAwareContextLoaderDelegate from class [org.springframework.test.context.cache.DefaultCacheAwareContextLoaderDelegate]
02:06:10.436 [main] DEBUG org.springframework.test.context.BootstrapUtils - Instantiating BootstrapContext using constructor [public org.springframework.test.context.support.DefaultBootstrapContext(java.lang.Class,org.springframework.test.context.CacheAwareContextLoaderDelegate)]
02:06:10.437 [main] DEBUG org.springframework.test.context.BootstrapUtils - Instantiating TestContextBootstrapper for test class [com.gp_scheduling.GpSchedulingApplicationTests] from class [org.springframework.boot.test.context.SpringBootTestContextBootstrapper]
02:06:10.437 [main] INFO org.springframework.boot.test.context.SpringBootTestContextBootstrapper - Neither @ContextConfiguration nor @ContextHierarchy found for test class [com.gp_scheduling.GpSchedulingApplicationTests], using SpringBootContextLoader
02:06:10.438 [main] DEBUG org.springframework.test.context.support.AbstractContextLoader - Did not detect default resource location for test class [com.gp_scheduling.GpSchedulingApplicationTests]: class path resource [com/gp_scheduling/GpSchedulingApplicationTests-context.xml] does not exist
02:06:10.439 [main] DEBUG org.springframework.test.context.support.AbstractContextLoader - Did not detect default resource location for test class [com.gp_scheduling.GpSchedulingApplicationTests]: class path resource [com/gp_scheduling/GpSchedulingApplicationTestsContext.groovy] does not exist
02:06:10.439 [main] INFO org.springframework.test.context.support.AbstractContextLoader - Could not detect default resource locations for test class [com.gp_scheduling.GpSchedulingApplicationTests]: no resource found for suffixes {-context.xml, Context.groovy}.
02:06:10.439 [main] INFO org.springframework.test.context.support.AnnotationConfigContextLoaderUtils - Could not detect default configuration classes for test class [com.gp_scheduling.GpSchedulingApplicationTests]: GpSchedulingApplicationTests does not declare any static, non-private, non-final, nested classes annotated with @Configuration.
02:06:10.441 [main] DEBUG org.springframework.test.context.support.ActiveProfilesUtils - Could not find an 'annotation declaring class' for annotation type [org.springframework.test.context.ActiveProfiles] and class [com.gp_scheduling.GpSchedulingApplicationTests]
02:06:10.475 [main] DEBUG org.springframework.context.annotation.ClassPathScanningCandidateComponentProvider - Identified candidate component class: file [/home/aryaman/uniwork/glowing-computing-machine/target/classes/com/gp_scheduling/web_server.class]
02:06:10.476 [main] INFO org.springframework.boot.test.context.SpringBootTestContextBootstrapper - Found @SpringBootConfiguration com.gp_scheduling.web_server for test class com.gp_scheduling.GpSchedulingApplicationTests
02:06:10.562 [main] DEBUG org.springframework.boot.test.context.SpringBootTestContextBootstrapper - @TestExecutionListeners is not present for class [com.gp_scheduling.GpSchedulingApplicationTests]: using defaults.
02:06:10.563 [main] INFO org.springframework.boot.test.context.SpringBootTestContextBootstrapper - Loaded default TestExecutionListener class names from location [META-INF/spring.factories]: [org.springframework.boot.test.mock.mockito.MockitoTestExecutionListener, org.springframework.boot.test.mock.mockito.ResetMocksTestExecutionListener, org.springframework.boot.test.autoconfigure.restdocs.RestDocsTestExecutionListener, org.springframework.boot.test.autoconfigure.web.client.MockRestServiceServerResetTestExecutionListener, org.springframework.boot.test.autoconfigure.web.servlet.MockMvcPrintOnlyOnFailureTestExecutionListener, org.springframework.boot.test.autoconfigure.web.servlet.WebDriverTestExecutionListener, org.springframework.boot.test.autoconfigure.webservices.client.MockWebServiceServerTestExecutionListener, org.springframework.test.context.web.ServletTestExecutionListener, org.springframework.test.context.support.DirtiesContextBeforeModesTestExecutionListener, org.springframework.test.context.event.ApplicationEventsTestExecutionListener, org.springframework.test.context.support.DependencyInjectionTestExecutionListener, org.springframework.test.context.support.DirtiesContextTestExecutionListener, org.springframework.test.context.transaction.TransactionalTestExecutionListener, org.springframework.test.context.jdbc.SqlScriptsTestExecutionListener, org.springframework.test.context.event.EventPublishingTestExecutionListener]
02:06:10.576 [main] INFO org.springframework.boot.test.context.SpringBootTestContextBootstrapper - Using TestExecutionListeners: [org.springframework.test.context.web.ServletTestExecutionListener@38ba6ce3, org.springframework.test.context.support.DirtiesContextBeforeModesTestExecutionListener@d278d2b, org.springframework.test.context.event.ApplicationEventsTestExecutionListener@2d6c53fc, org.springframework.boot.test.mock.mockito.MockitoTestExecutionListener@25f4878b, org.springframework.boot.test.autoconfigure.SpringBootDependencyInjectionTestExecutionListener@4e423aa2, org.springframework.test.context.support.DirtiesContextTestExecutionListener@7fbdb894, org.springframework.test.context.transaction.TransactionalTestExecutionListener@3081f72c, org.springframework.test.context.jdbc.SqlScriptsTestExecutionListener@3148f668, org.springframework.test.context.event.EventPublishingTestExecutionListener@6e005dc9, org.springframework.boot.test.mock.mockito.ResetMocksTestExecutionListener@7ceb3185, org.springframework.boot.test.autoconfigure.restdocs.RestDocsTestExecutionListener@436c81a3, org.springframework.boot.test.autoconfigure.web.client.MockRestServiceServerResetTestExecutionListener@3561c410, org.springframework.boot.test.autoconfigure.web.servlet.MockMvcPrintOnlyOnFailureTestExecutionListener@59e32960, org.springframework.boot.test.autoconfigure.web.servlet.WebDriverTestExecutionListener@7c214cc0, org.springframework.boot.test.autoconfigure.webservices.client.MockWebServiceServerTestExecutionListener@5b67bb7e]
02:06:10.581 [main] DEBUG org.springframework.test.context.support.AbstractDirtiesContextTestExecutionListener - Before test class: context [DefaultTestContext@59e505b2 testClass = GpSchedulingApplicationTests, testInstance = [null], testMethod = [null], testException = [null], mergedContextConfiguration = [WebMergedContextConfiguration@3af0a9da testClass = GpSchedulingApplicationTests, locations = '{}', classes = '{class com.gp_scheduling.web_server}', contextInitializerClasses = '[]', activeProfiles = '{}', propertySourceLocations = '{}', propertySourceProperties = '{org.springframework.boot.test.context.SpringBootTestContextBootstrapper=true}', contextCustomizers = set[org.springframework.boot.test.context.filter.ExcludeFilterContextCustomizer@568ff82, org.springframework.boot.test.json.DuplicateJsonObjectContextCustomizerFactory$DuplicateJsonObjectContextCustomizer@5ab9e72c, org.springframework.boot.test.mock.mockito.MockitoContextCustomizer@0, org.springframework.boot.test.web.client.TestRestTemplateContextCustomizer@1329eff, org.springframework.boot.test.autoconfigure.actuate.metrics.MetricsExportContextCustomizerFactory$DisableMetricExportContextCustomizer@76f2bbc1, org.springframework.boot.test.autoconfigure.properties.PropertyMappingContextCustomizer@0, org.springframework.boot.test.autoconfigure.web.servlet.WebDriverContextCustomizerFactory$Customizer@6a6afff2, org.springframework.boot.test.context.SpringBootTestArgs@1, org.springframework.boot.test.context.SpringBootTestWebEnvironment@5f9d02cb], resourceBasePath = 'src/main/webapp', contextLoader = 'org.springframework.boot.test.context.SpringBootContextLoader', parent = [null]], attributes = map['org.springframework.test.context.web.ServletTestExecutionListener.activateListener' -> true]], class annotated with @DirtiesContext [false] with mode [null].
]]></system-out>
  </testcase>
</testsuite>